<?xml version="1.0" encoding="UTF-8" ?>
<testsuite tests="7" failures="0" name="TestSuite" time="112.076" errors="0" skipped="0">
  <properties>
[...]
</properties>
  <testcase classname="com.vtiger.pomtest.CreateContactTest" name="createContact" time="36.546"/>
  <testcase classname="com.vtiger.pomtest.CreateContactTest" name="createContactWithOrgName" time="24.884"/>
  <testcase classname="com.vtiger.pomtest.CreateOrganizationTest" name="createOrganization" time="11.095"/>
  <testcase classname="com.vtiger.pomtest.CreateOrganizationTest" name="createOrganizationWithIndustry_Type" time="11.577"/>
  <testcase classname="Practice.CreateOrganizationWithIndustryTypeTest" name="createOrganizationCreateOrganizationWithIndustryType" time="27.972"/>
  <testcase classname="Practice.TestNG" name="atest" time="0.002"/>
  <testcase classname="Practice.TestNG" name="xtest" time="0"/>
</testsuite>