<?xml version="1.0" encoding="UTF-8"?>
<!-- Generated by org.testng.reporters.JUnitXMLReporter -->
<testsuite ignored="2" hostname="DESKTOP-varun" failures="0" tests="5" name="chrome" time="141.767" errors="0" timestamp="2021-11-08T15:27:00 IST">
  <testcase classname="com.vtiger.pomtest.CreateContactTest" name="createContact" time="15.837"/>
  <testcase classname="com.vtiger.pomtest.CreateContactTest" name="createContactWithOrgName" time="30.861"/>
  <testcase classname="com.vtiger.pomtest.CreateContactTest" name="organization" time="0.001"/>
  <testcase classname="com.vtiger.pomtest.CreateOrganizationTest" name="createOrganization" time="21.322"/>
  <testcase classname="com.vtiger.pomtest.CreateOrganizationTest" name="createOrganizationWithIndustry_Type" time="15.568"/>
  <testcase classname="com.vtiger.genericUtility.BaseClass" name="@BeforeSuite configBS" time="0.0">
    <ignored/>
  </testcase> <!-- @BeforeSuite configBS -->
  <testcase classname="com.vtiger.genericUtility.BaseClass" name="@AfterSuite configAS" time="0.0">
    <ignored/>
  </testcase> <!-- @AfterSuite configAS -->
</testsuite> <!-- chrome -->
