<?xml version="1.0" encoding="UTF-8"?>
<!-- Generated by org.testng.reporters.JUnitXMLReporter -->
<testsuite hostname="DESKTOP-varun" ignored="2" name="Command line test" tests="7" failures="0" timestamp="2021-11-14T10:56:34 IST" time="142.257" errors="0">
  <testcase name="createContact" time="36.541" classname="com.vtiger.pomtest.CreateContactTest"/>
  <testcase name="createContactWithOrgName" time="24.885" classname="com.vtiger.pomtest.CreateContactTest"/>
  <testcase name="createOrganization" time="11.091" classname="com.vtiger.pomtest.CreateOrganizationTest"/>
  <testcase name="createOrganizationWithIndustry_Type" time="11.579" classname="com.vtiger.pomtest.CreateOrganizationTest"/>
  <testcase name="createOrganizationCreateOrganizationWithIndustryType" time="27.972" classname="Practice.CreateOrganizationWithIndustryTypeTest"/>
  <testcase name="atest" time="0.001" classname="Practice.TestNG"/>
  <testcase name="xtest" time="0.0" classname="Practice.TestNG"/>
  <testcase name="@BeforeSuite configBS" time="0.0" classname="com.vtiger.genericUtility.BaseClass">
    <ignored/>
  </testcase> <!-- @BeforeSuite configBS -->
  <testcase name="@AfterSuite configAS" time="0.0" classname="com.vtiger.genericUtility.BaseClass">
    <ignored/>
  </testcase> <!-- @AfterSuite configAS -->
</testsuite> <!-- Command line test -->
