<?xml version="1.0" encoding="UTF-8"?>
<testng-results ignored="0" total="2" passed="2" failed="0" skipped="0">
  <reporter-output>
  </reporter-output>
  <suite started-at="2021-11-12T15:47:00 IST" name="Default suite" finished-at="2021-11-12T15:47:00 IST" duration-ms="82">
    <groups>
    </groups>
    <test started-at="2021-11-12T15:47:00 IST" name="Default test" finished-at="2021-11-12T15:47:00 IST" duration-ms="82">
      <class name="Practice.TestNG">
        <test-method is-config="true" signature="beforeSuite()[pri:0, instance:Practice.TestNG@2c35e847]" started-at="2021-11-12T15:47:00 IST" name="beforeSuite" finished-at="2021-11-12T15:47:00 IST" duration-ms="12" status="PASS">
          <reporter-output>
          </reporter-output>
        </test-method> <!-- beforeSuite -->
        <test-method is-config="true" signature="beforeTest()[pri:0, instance:Practice.TestNG@2c35e847]" started-at="2021-11-12T15:47:00 IST" name="beforeTest" finished-at="2021-11-12T15:47:00 IST" duration-ms="1" status="PASS">
          <reporter-output>
          </reporter-output>
        </test-method> <!-- beforeTest -->
        <test-method is-config="true" signature="beforeClass()[pri:0, instance:Practice.TestNG@2c35e847]" started-at="2021-11-12T15:47:00 IST" name="beforeClass" finished-at="2021-11-12T15:47:00 IST" duration-ms="1" status="PASS">
          <reporter-output>
          </reporter-output>
        </test-method> <!-- beforeClass -->
        <test-method is-config="true" signature="beforeMethod()[pri:0, instance:Practice.TestNG@2c35e847]" started-at="2021-11-12T15:47:00 IST" name="beforeMethod" finished-at="2021-11-12T15:47:00 IST" duration-ms="0" status="PASS">
          <reporter-output>
          </reporter-output>
        </test-method> <!-- beforeMethod -->
        <test-method signature="atest()[pri:0, instance:Practice.TestNG@2c35e847]" started-at="2021-11-12T15:47:00 IST" name="atest" finished-at="2021-11-12T15:47:00 IST" duration-ms="13" status="PASS">
          <reporter-output>
          </reporter-output>
        </test-method> <!-- atest -->
        <test-method is-config="true" signature="afterMethod()[pri:0, instance:Practice.TestNG@2c35e847]" started-at="2021-11-12T15:47:00 IST" name="afterMethod" finished-at="2021-11-12T15:47:00 IST" duration-ms="1" status="PASS">
          <reporter-output>
          </reporter-output>
        </test-method> <!-- afterMethod -->
        <test-method is-config="true" signature="beforeMethod()[pri:0, instance:Practice.TestNG@2c35e847]" started-at="2021-11-12T15:47:00 IST" name="beforeMethod" finished-at="2021-11-12T15:47:00 IST" duration-ms="2" status="PASS">
          <reporter-output>
          </reporter-output>
        </test-method> <!-- beforeMethod -->
        <test-method signature="xtest()[pri:0, instance:Practice.TestNG@2c35e847]" started-at="2021-11-12T15:47:00 IST" name="xtest" finished-at="2021-11-12T15:47:00 IST" duration-ms="3" status="PASS">
          <reporter-output>
          </reporter-output>
        </test-method> <!-- xtest -->
        <test-method is-config="true" signature="afterMethod()[pri:0, instance:Practice.TestNG@2c35e847]" started-at="2021-11-12T15:47:00 IST" name="afterMethod" finished-at="2021-11-12T15:47:00 IST" duration-ms="1" status="PASS">
          <reporter-output>
          </reporter-output>
        </test-method> <!-- afterMethod -->
        <test-method is-config="true" signature="afterClass()[pri:0, instance:Practice.TestNG@2c35e847]" started-at="2021-11-12T15:47:00 IST" name="afterClass" finished-at="2021-11-12T15:47:00 IST" duration-ms="0" status="PASS">
          <reporter-output>
          </reporter-output>
        </test-method> <!-- afterClass -->
        <test-method is-config="true" signature="afterTest()[pri:0, instance:Practice.TestNG@2c35e847]" started-at="2021-11-12T15:47:00 IST" name="afterTest" finished-at="2021-11-12T15:47:00 IST" duration-ms="0" status="PASS">
          <reporter-output>
          </reporter-output>
        </test-method> <!-- afterTest -->
        <test-method is-config="true" signature="afterSuite()[pri:0, instance:Practice.TestNG@2c35e847]" started-at="2021-11-12T15:47:00 IST" name="afterSuite" finished-at="2021-11-12T15:47:00 IST" duration-ms="1" status="PASS">
          <reporter-output>
          </reporter-output>
        </test-method> <!-- afterSuite -->
      </class> <!-- Practice.TestNG -->
    </test> <!-- Default test -->
  </suite> <!-- Default suite -->
</testng-results>
