<?xml version="1.0" encoding="UTF-8"?>
<!-- Generated by org.testng.reporters.JUnitXMLReporter -->
<testsuite ignored="2" hostname="DESKTOP-varun" failures="0" tests="5" name="firefox" time="143.474" errors="0" timestamp="2021-11-08T15:27:02 IST">
  <testcase classname="com.vtiger.pomtest.CreateContactTest" name="createContact" time="14.758"/>
  <testcase classname="com.vtiger.pomtest.CreateContactTest" name="createContactWithOrgName" time="29.693"/>
  <testcase classname="com.vtiger.pomtest.CreateContactTest" name="organization" time="0.002"/>
  <testcase classname="com.vtiger.pomtest.CreateOrganizationTest" name="createOrganization" time="14.667"/>
  <testcase classname="com.vtiger.pomtest.CreateOrganizationTest" name="createOrganizationWithIndustry_Type" time="15.246"/>
  <testcase classname="com.vtiger.genericUtility.BaseClass" name="@BeforeSuite configBS" time="0.0">
    <ignored/>
  </testcase> <!-- @BeforeSuite configBS -->
  <testcase classname="com.vtiger.genericUtility.BaseClass" name="@AfterSuite configAS" time="0.0">
    <ignored/>
  </testcase> <!-- @AfterSuite configAS -->
</testsuite> <!-- firefox -->
